<?xml version="1.0" encoding="utf-8"?>
<TestRun id="9aaebe0b-e249-4b4d-912e-6f1931c946dd" name="user@GIVI 2022-04-14 19:01:00" runUser="GIVI\user" xmlns="http://microsoft.com/schemas/VisualStudio/TeamTest/2010">
  <Times creation="2022-04-14T19:01:00.8204977+03:00" queuing="2022-04-14T19:01:00.8204978+03:00" start="2022-04-14T19:01:00.0447833+03:00" finish="2022-04-14T19:01:00.8245722+03:00" />
  <TestSettings name="default" id="7a23bdbb-a5a1-4211-9f32-0e602163f35f">
    <Deployment runDeploymentRoot="user_GIVI_2022-04-14_19_01_00" />
  </TestSettings>
  <Results>
    <UnitTestResult executionId="532f825c-9e1c-45cc-bdb8-61c456f70619" testId="d8e7d573-dcdd-c153-2225-5e3eba63d8db" testName="TestProject1.UnitTest1.Test1" computerName="GIVI" duration="00:00:00.0028750" startTime="2022-04-14T19:01:00.7311120+03:00" endTime="2022-04-14T19:01:00.7311266+03:00" testType="13cdc9d9-ddb5-4fa4-a97d-d965ccfc6d4b" outcome="Passed" testListId="8c84fa94-04c1-424b-9868-57a2d4851a1d" relativeResultsDirectory="532f825c-9e1c-45cc-bdb8-61c456f70619" />
  </Results>
  <TestDefinitions>
    <UnitTest name="TestProject1.UnitTest1.Test1" storage="c:\users\user\desktop\git\test\testproject1\bin\debug\net6.0\testproject1.dll" id="d8e7d573-dcdd-c153-2225-5e3eba63d8db">
      <Execution id="532f825c-9e1c-45cc-bdb8-61c456f70619" />
      <TestMethod codeBase="C:\Users\user\Desktop\git\test\TestProject1\bin\Debug\net6.0\TestProject1.dll" adapterTypeName="executor://xunit/VsTestRunner2/netcoreapp" className="TestProject1.UnitTest1" name="Test1" />
    </UnitTest>
  </TestDefinitions>
  <TestEntries>
    <TestEntry testId="d8e7d573-dcdd-c153-2225-5e3eba63d8db" executionId="532f825c-9e1c-45cc-bdb8-61c456f70619" testListId="8c84fa94-04c1-424b-9868-57a2d4851a1d" />
  </TestEntries>
  <TestLists>
    <TestList name="Список результатов" id="8c84fa94-04c1-424b-9868-57a2d4851a1d" />
    <TestList name="Все загруженные результаты" id="19431567-8539-422a-85d7-44ee4e166bda" />
  </TestLists>
  <ResultSummary outcome="Completed">
    <Counters total="1" executed="1" passed="1" failed="0" error="0" timeout="0" aborted="0" inconclusive="0" passedButRunAborted="0" notRunnable="0" notExecuted="0" disconnected="0" warning="0" completed="0" inProgress="0" pending="0" />
    <Output>
      <StdOut>[xUnit.net 00:00:00.00] xUnit.net VSTest Adapter v2.4.3+1b45f5407b (64-bit .NET 6.0.4)&#xD;
[xUnit.net 00:00:00.26]   Discovering: TestProject1&#xD;
[xUnit.net 00:00:00.29]   Discovered:  TestProject1&#xD;
[xUnit.net 00:00:00.29]   Starting:    TestProject1&#xD;
[xUnit.net 00:00:00.34]   Finished:    TestProject1&#xD;
</StdOut>
    </Output>
  </ResultSummary>
</TestRun>